INFO:    fuse: warning: library too old, some operations may not work
Training the model...
../common
Loading common function file
csv_dir: /scratch/nucleare/simone.elia/outputs/run5L_256_64_16_8_4/caloChallenge//csvFiles/
root_vox_dir: /scratch/nucleare/simone.elia/outputs/run5L_256_64_16_8_4/caloChallenge//rootFiles/
voxalisation_validation_dir: /scratch/nucleare/simone.elia/outputs/run5L_256_64_16_8_4/caloChallenge//validation_plots
 Running in: /scratch/nucleare/simone.elia/code/BoloGAN/model
Using the seed etas
Baseline_pions_lwtnn
Running in /scratch/nucleare/simone.elia/outputs/run5L_256_64_16_8_4/caloChallenge//Baseline_pions_lwtnn/All
Creating checkpoint directory...
testing /scratch/nucleare/simone.elia/outputs/run5L_256_64_16_8_4/caloChallenge//Baseline_pions_lwtnn/All/checkpoints/pions/checkpoints_eta_20_25/model-999.data-00000-of-00001
Try to resume training
pions, eta_min: 20, eta_max: 25 was not trained at all, starting from 0
STARTING EPOCH CHECK: 0
Running gan for particle: pions, eta_min: 20, eta_max: 25 starting from epoch 0
Setup ...
ROOT Version: 6.30/06
Built for linuxx8664gcc on Apr 05 2024, 00:00:00
From heads/master@tags/v6-30-06
++ cd /scratch/nucleare/simone.elia/code/BoloGAN
++ python3 -m model.train_V2_seed_wgangp -odg /scratch/nucleare/simone.elia/outputs/run5L_256_64_16_8_4/caloChallenge//Baseline_pions_lwtnn/All/checkpoints -e 0 -i /scratch/nucleare/simone.elia/datas/data -ip pions -emin 20 -emax 25 -r All --binning binning_5L_256_64_16_8_4.xml
Error in <TROOT::Macro>: macro rootlogon.C not found in path /scratch/nucleare/simone.elia/code/BoloGAN/model/utils/
Error in <TROOT::LoadMacro>: macro AtlasUtils.C not found in path /scratch/nucleare/simone.elia/code/BoloGAN/model/utils/
2024-04-27 11:22:55.269017: I external/local_tsl/tsl/cuda/cudart_stub.cc:32] Could not find cuda drivers on your machine, GPU will not be used.
2024-04-27 11:22:55.551628: I external/local_tsl/tsl/cuda/cudart_stub.cc:32] Could not find cuda drivers on your machine, GPU will not be used.
2024-04-27 11:22:56.495022: I tensorflow/core/platform/cpu_feature_guard.cc:210] This TensorFlow binary is optimized to use available CPU instructions in performance-critical operations.
To enable the following instructions: AVX2 FMA, in other operations, rebuild TensorFlow with the appropriate compiler flags.
2024-04-27 11:22:58.119357: W tensorflow/compiler/tf2tensorrt/utils/py_utils.cc:38] TF-TRT Warning: Could not find TensorRT
(73272@bld05[0]) 2024-04-27 11:23:00,307 [INFO] __main__: Running on SLURM without GPU, using custom MultiWorkerMirroredStrategy
(73272@bld05[0]) 2024-04-27 11:23:00,307 [DEBUG] __main__: Cluster configuration: ClusterSpec({'worker': ['bld05:12033']})
WARNING:tensorflow:From /scratch/nucleare/simone.elia/code/BoloGAN/model/train_V2_seed_wgangp.py:52: _CollectiveAllReduceStrategyExperimental.__init__ (from tensorflow.python.distribute.collective_all_reduce_strategy) is deprecated and will be removed in a future version.
Instructions for updating:
use distribute.MultiWorkerMirroredStrategy instead
(73272@bld05[0]) 2024-04-27 11:23:00,308 [WARNING] tensorflow: From /scratch/nucleare/simone.elia/code/BoloGAN/model/train_V2_seed_wgangp.py:52: _CollectiveAllReduceStrategyExperimental.__init__ (from tensorflow.python.distribute.collective_all_reduce_strategy) is deprecated and will be removed in a future version.
Instructions for updating:
use distribute.MultiWorkerMirroredStrategy instead
2024-04-27 11:23:00.323309: I tensorflow/core/distributed_runtime/rpc/grpc_server_lib.cc:457] Started server with target: grpc://bld05:12033
2024-04-27 11:23:00.332710: I external/local_tsl/tsl/distributed_runtime/coordination/coordination_service.cc:577] /job:worker/replica:0/task:0 has connected to coordination service. Incarnation: 2902649940081395587
2024-04-27 11:23:00.332818: I external/local_tsl/tsl/distributed_runtime/coordination/coordination_service.cc:539] Waiting for 0/1 tasks to connect.
WARNING: All log messages before absl::InitializeLog() is called are written to STDERR
I0000 00:00:1714209780.333005 2005676 coordination_service_agent.cc:303] Coordination agent has successfully connected.
INFO:tensorflow:Enabled multi-worker collective ops with available devices: ['/job:worker/replica:0/task:0/device:CPU:0']
(73272@bld05[0]) 2024-04-27 11:23:00,334 [INFO] tensorflow: Enabled multi-worker collective ops with available devices: ['/job:worker/replica:0/task:0/device:CPU:0']
INFO:tensorflow:Using MirroredStrategy with devices ('/job:worker/task:0/device:CPU:0',)
(73272@bld05[0]) 2024-04-27 11:23:00,386 [INFO] tensorflow: Using MirroredStrategy with devices ('/job:worker/task:0/device:CPU:0',)
INFO:tensorflow:Check health not enabled.
(73272@bld05[0]) 2024-04-27 11:23:00,386 [INFO] tensorflow: Check health not enabled.
INFO:tensorflow:MultiWorkerMirroredStrategy with cluster_spec = {'worker': ['bld05:12033']}, task_type = 'worker', task_id = 0, num_workers = 1, local_devices = ('/job:worker/task:0/device:CPU:0',), communication = CommunicationImplementation.AUTO
(73272@bld05[0]) 2024-04-27 11:23:00,386 [INFO] tensorflow: MultiWorkerMirroredStrategy with cluster_spec = {'worker': ['bld05:12033']}, task_type = 'worker', task_id = 0, num_workers = 1, local_devices = ('/job:worker/task:0/device:CPU:0',), communication = CommunicationImplementation.AUTO
(73272@bld05[0]) 2024-04-27 11:23:00,386 [DEBUG] __main__: Loading data...
(73272@bld05[0]) 2024-04-27 11:23:00,386 [INFO] common.VoxInputParameters: Basic parameters
(73272@bld05[0]) 2024-04-27 11:23:00,387 [INFO] common.VoxInputParameters:  Running in folder /scratch/nucleare/simone.elia/datas/data using xml file: binning_5L_256_64_16_8_4.xml
(73272@bld05[0]) 2024-04-27 11:23:00,387 [INFO] common.VoxInputParameters:  Particle ID 211 with mass: 139.6
(73272@bld05[0]) 2024-04-27 11:23:00,387 [INFO] common.VoxInputParameters:  For eta slice 20 to 25
(73272@bld05[0]) 2024-04-27 11:23:00,387 [INFO] common.VoxInputParameters: 
(73272@bld05[0]) 2024-04-27 11:23:00,393 [INFO] common.VoxInputParameters: Other voxelisation parameters
(73272@bld05[0]) 2024-04-27 11:23:00,393 [INFO] common.VoxInputParameters:  mergeBinAlphaFirstBinR : False
(73272@bld05[0]) 2024-04-27 11:23:00,393 [INFO] common.VoxInputParameters:  symmetriseAlpha        : False
(73272@bld05[0]) 2024-04-27 11:23:00,393 [INFO] common.VoxInputParameters:  optimisedAlpha         : False
(73272@bld05[0]) 2024-04-27 11:23:00,393 [INFO] common.VoxInputParameters:  isPolar                : True
(73272@bld05[0]) 2024-04-27 11:23:00,393 [INFO] common.VoxInputParameters:  region                 : True
(73272@bld05[0]) 2024-04-27 11:23:00,393 [INFO] common.VoxInputParameters: 
(73272@bld05[0]) 2024-04-27 11:23:00,394 [INFO] common.DataParameters: False
(73272@bld05[0]) 2024-04-27 11:23:00,394 [INFO] common.DataParameters: Training data parameters
(73272@bld05[0]) 2024-04-27 11:23:00,394 [INFO] common.DataParameters:  * Label             : LogE
(73272@bld05[0]) 2024-04-27 11:23:00,394 [INFO] common.DataParameters:  * vox normalisation : normE
(73272@bld05[0]) 2024-04-27 11:23:00,394 [INFO] common.DataParameters:  * correct phiMod    : False
(73272@bld05[0]) 2024-04-27 11:23:00,394 [INFO] common.DataParameters:  * Range             : All
(73272@bld05[0]) 2024-04-27 11:23:00,394 [INFO] common.DataParameters:  * Exponents range   : 8 to 22
(73272@bld05[0]) 2024-04-27 11:23:00,394 [INFO] common.DataParameters:  * Momentum list     : [256, 512, 1024, 2048, 4096, 8192, 16384, 32768, 65536, 131072, 262144, 524288, 1048576, 2097152, 4194304]
(73272@bld05[0]) 2024-04-27 11:23:00,394 [INFO] common.DataParameters:  * Mid point         : 15 which is in position 7
(73272@bld05[0]) 2024-04-27 11:23:00,394 [INFO] common.DataParameters: 
(73272@bld05[0]) 2024-04-27 11:23:00,394 [INFO] common.XMLHandler: Searching for All
(73272@bld05[0]) 2024-04-27 11:23:00,394 [INFO] common.XMLHandler: In range: All
(73272@bld05[0]) 2024-04-27 11:23:00,394 [INFO] common.GANInputParameters: Initialised GAN with HP
(73272@bld05[0]) 2024-04-27 11:23:00,394 [INFO] common.GANInputParameters:   * BEnergy range               : All
(73272@bld05[0]) 2024-04-27 11:23:00,394 [INFO] common.GANInputParameters:   * Batch Size                  : 512
(73272@bld05[0]) 2024-04-27 11:23:00,394 [INFO] common.GANInputParameters:   * Lambda                      : 10.0
(73272@bld05[0]) 2024-04-27 11:23:00,394 [INFO] common.GANInputParameters:   * Training d/g                : 5
(73272@bld05[0]) 2024-04-27 11:23:00,394 [INFO] common.GANInputParameters:   * Generator learning rate     : 0.0001
(73272@bld05[0]) 2024-04-27 11:23:00,395 [INFO] common.GANInputParameters:   * Discriminator learning rate : 0.0001
(73272@bld05[0]) 2024-04-27 11:23:00,395 [INFO] common.GANInputParameters:   * Generator momentum          : 0.5
(73272@bld05[0]) 2024-04-27 11:23:00,395 [INFO] common.GANInputParameters:   * Discriminator momentum      : 0.5
(73272@bld05[0]) 2024-04-27 11:23:00,395 [INFO] common.GANInputParameters:   * Latent space                : 100
(73272@bld05[0]) 2024-04-27 11:23:00,395 [INFO] common.GANInputParameters:   * Generator layers            : 200, 400, 800
(73272@bld05[0]) 2024-04-27 11:23:00,395 [INFO] common.GANInputParameters:   * Discriminator layers        : 256, 64, 16, 8, 4
(73272@bld05[0]) 2024-04-27 11:23:00,395 [INFO] common.GANInputParameters:   * Image size                  : 533
(73272@bld05[0]) 2024-04-27 11:23:00,395 [INFO] common.GANInputParameters:   * Use Batch Normalisation     : False
(73272@bld05[0]) 2024-04-27 11:23:00,395 [INFO] common.GANInputParameters:   * Activation function         : ReLU
(73272@bld05[0]) 2024-04-27 11:23:00,395 [INFO] common.TrainingInputParameters: Training inputs parameters
(73272@bld05[0]) 2024-04-27 11:23:00,395 [INFO] common.TrainingInputParameters:  Epochs from: 0 to 1000000 saving every 1000
(73272@bld05[0]) 2024-04-27 11:23:00,395 [INFO] common.TrainingInputParameters: 
Model: "functional_1"
┏━━━━━━━━━━━━━━━━━━━━━┳━━━━━━━━━━━━━━━━━━━┳━━━━━━━━━━━━┳━━━━━━━━━━━━━━━━━━━┓
┃ Layer (type)        ┃ Output Shape      ┃    Param # ┃ Connected to      ┃
┡━━━━━━━━━━━━━━━━━━━━━╇━━━━━━━━━━━━━━━━━━━╇━━━━━━━━━━━━╇━━━━━━━━━━━━━━━━━━━┩
│ Noise (InputLayer)  │ (None, 100)       │          0 │ -                 │
├─────────────────────┼───────────────────┼────────────┼───────────────────┤
│ mycond (InputLayer) │ (None, 2)         │          0 │ -                 │
├─────────────────────┼───────────────────┼────────────┼───────────────────┤
│ concatenate         │ (None, 102)       │          0 │ Noise[0][0],      │
│ (Concatenate)       │                   │            │ mycond[0][0]      │
├─────────────────────┼───────────────────┼────────────┼───────────────────┤
│ dense (Dense)       │ (None, 200)       │     20,600 │ concatenate[0][0] │
├─────────────────────┼───────────────────┼────────────┼───────────────────┤
│ dense_1 (Dense)     │ (None, 400)       │     80,400 │ dense[0][0]       │
├─────────────────────┼───────────────────┼────────────┼───────────────────┤
│ dense_2 (Dense)     │ (None, 800)       │    320,800 │ dense_1[0][0]     │
├─────────────────────┼───────────────────┼────────────┼───────────────────┤
│ dense_3 (Dense)     │ (None, 533)       │    426,933 │ dense_2[0][0]     │
└─────────────────────┴───────────────────┴────────────┴───────────────────┘
 Total params: 848,733 (3.24 MB)
 Trainable params: 848,733 (3.24 MB)
 Non-trainable params: 0 (0.00 B)
/usr/local/lib/python3.9/site-packages/keras/src/layers/core/dense.py:86: UserWarning: Do not pass an `input_shape`/`input_dim` argument to a layer. When using Sequential models, prefer using an `Input(shape)` object as the first layer in the model instead.
  super().__init__(activity_regularizer=activity_regularizer, **kwargs)
Model: "sequential"
┏━━━━━━━━━━━━━━━━━━━━━━━━━━━━━━━━━┳━━━━━━━━━━━━━━━━━━━━━━━━┳━━━━━━━━━━━━━━━┓
┃ Layer (type)                    ┃ Output Shape           ┃       Param # ┃
┡━━━━━━━━━━━━━━━━━━━━━━━━━━━━━━━━━╇━━━━━━━━━━━━━━━━━━━━━━━━╇━━━━━━━━━━━━━━━┩
│ dense_4 (Dense)                 │ (None, 256)            │       137,216 │
├─────────────────────────────────┼────────────────────────┼───────────────┤
│ re_lu (ReLU)                    │ (None, 256)            │             0 │
├─────────────────────────────────┼────────────────────────┼───────────────┤
│ dense_5 (Dense)                 │ (None, 64)             │        16,448 │
├─────────────────────────────────┼────────────────────────┼───────────────┤
│ re_lu_1 (ReLU)                  │ (None, 64)             │             0 │
├─────────────────────────────────┼────────────────────────┼───────────────┤
│ dense_6 (Dense)                 │ (None, 16)             │         1,040 │
├─────────────────────────────────┼────────────────────────┼───────────────┤
│ re_lu_2 (ReLU)                  │ (None, 16)             │             0 │
├─────────────────────────────────┼────────────────────────┼───────────────┤
│ dense_7 (Dense)                 │ (None, 8)              │           136 │
├─────────────────────────────────┼────────────────────────┼───────────────┤
│ re_lu_3 (ReLU)                  │ (None, 8)              │             0 │
├─────────────────────────────────┼────────────────────────┼───────────────┤
│ dense_8 (Dense)                 │ (None, 4)              │            36 │
├─────────────────────────────────┼────────────────────────┼───────────────┤
│ re_lu_4 (ReLU)                  │ (None, 4)              │             0 │
├─────────────────────────────────┼────────────────────────┼───────────────┤
│ dense_9 (Dense)                 │ (None, 1)              │             5 │
└─────────────────────────────────┴────────────────────────┴───────────────┘
 Total params: 154,881 (605.00 KB)
 Trainable params: 154,881 (605.00 KB)
 Non-trainable params: 0 (0.00 B)
(73272@bld05[0]) 2024-04-27 11:23:00,643 [INFO] model.conditional_wgangp: training started
(73272@bld05[0]) 2024-04-27 11:23:00,643 [INFO] model.conditional_wgangp: Memory required before loading data: 793640
(73272@bld05[0]) 2024-04-27 11:23:00,643 [INFO] model.conditional_wgangp: Opening vox files...
(73272@bld05[0]) 2024-04-27 11:23:01,345 [DEBUG] model.conditional_wgangp: (1/15) Loaded /scratch/nucleare/simone.elia/datas/data/rootFiles/pions/pid211_E256_eta_20_25.root
(73272@bld05[0]) 2024-04-27 11:23:01,351 [DEBUG] model.conditional_wgangp: (2/15) Loaded /scratch/nucleare/simone.elia/datas/data/rootFiles/pions/pid211_E512_eta_20_25.root
(73272@bld05[0]) 2024-04-27 11:23:01,358 [DEBUG] model.conditional_wgangp: (3/15) Loaded /scratch/nucleare/simone.elia/datas/data/rootFiles/pions/pid211_E1024_eta_20_25.root
(73272@bld05[0]) 2024-04-27 11:23:01,364 [DEBUG] model.conditional_wgangp: (4/15) Loaded /scratch/nucleare/simone.elia/datas/data/rootFiles/pions/pid211_E2048_eta_20_25.root
(73272@bld05[0]) 2024-04-27 11:23:01,370 [DEBUG] model.conditional_wgangp: (5/15) Loaded /scratch/nucleare/simone.elia/datas/data/rootFiles/pions/pid211_E4096_eta_20_25.root
(73272@bld05[0]) 2024-04-27 11:23:01,377 [DEBUG] model.conditional_wgangp: (6/15) Loaded /scratch/nucleare/simone.elia/datas/data/rootFiles/pions/pid211_E8192_eta_20_25.root
(73272@bld05[0]) 2024-04-27 11:23:01,383 [DEBUG] model.conditional_wgangp: (7/15) Loaded /scratch/nucleare/simone.elia/datas/data/rootFiles/pions/pid211_E16384_eta_20_25.root
(73272@bld05[0]) 2024-04-27 11:23:01,389 [DEBUG] model.conditional_wgangp: (8/15) Loaded /scratch/nucleare/simone.elia/datas/data/rootFiles/pions/pid211_E32768_eta_20_25.root
(73272@bld05[0]) 2024-04-27 11:23:01,397 [DEBUG] model.conditional_wgangp: (9/15) Loaded /scratch/nucleare/simone.elia/datas/data/rootFiles/pions/pid211_E65536_eta_20_25.root
(73272@bld05[0]) 2024-04-27 11:23:01,403 [DEBUG] model.conditional_wgangp: (10/15) Loaded /scratch/nucleare/simone.elia/datas/data/rootFiles/pions/pid211_E131072_eta_20_25.root
(73272@bld05[0]) 2024-04-27 11:23:01,410 [DEBUG] model.conditional_wgangp: (11/15) Loaded /scratch/nucleare/simone.elia/datas/data/rootFiles/pions/pid211_E262144_eta_20_25.root
(73272@bld05[0]) 2024-04-27 11:23:01,415 [DEBUG] model.conditional_wgangp: (12/15) Loaded /scratch/nucleare/simone.elia/datas/data/rootFiles/pions/pid211_E524288_eta_20_25.root
(73272@bld05[0]) 2024-04-27 11:23:01,419 [DEBUG] model.conditional_wgangp: (13/15) Loaded /scratch/nucleare/simone.elia/datas/data/rootFiles/pions/pid211_E1048576_eta_20_25.root
(73272@bld05[0]) 2024-04-27 11:23:01,422 [DEBUG] model.conditional_wgangp: (14/15) Loaded /scratch/nucleare/simone.elia/datas/data/rootFiles/pions/pid211_E2097152_eta_20_25.root
(73272@bld05[0]) 2024-04-27 11:23:01,425 [DEBUG] model.conditional_wgangp: (15/15) Loaded /scratch/nucleare/simone.elia/datas/data/rootFiles/pions/pid211_E4194304_eta_20_25.root
(73272@bld05[0]) 2024-04-27 11:23:01,425 [INFO] model.conditional_wgangp: Histogram made in 0.7824900150299072s
(73272@bld05[0]) 2024-04-27 11:23:01,425 [INFO] common.DataReader: ************* DATA READER ***************
(73272@bld05[0]) 2024-04-27 11:23:01,426 [INFO] common.DataReader: Loading data
(73272@bld05[0]) 2024-04-27 11:23:01,427 [INFO] common.DataReader: Loading data for pid 211, eta range 20 to 25
(73272@bld05[0]) 2024-04-27 11:23:02,838 [INFO] common.DataReader: Loaded data from file pid211_E256_eta_20_25_voxalisation.csv for momentum = 256 (533 columns x 100000 events)
(73272@bld05[0]) 2024-04-27 11:23:04,062 [INFO] common.DataReader: Loaded data from file pid211_E512_eta_20_25_voxalisation.csv for momentum = 512 (533 columns x 100000 events)
(73272@bld05[0]) 2024-04-27 11:23:05,283 [INFO] common.DataReader: Loaded data from file pid211_E1024_eta_20_25_voxalisation.csv for momentum = 1024 (533 columns x 100000 events)
(73272@bld05[0]) 2024-04-27 11:23:06,564 [INFO] common.DataReader: Loaded data from file pid211_E2048_eta_20_25_voxalisation.csv for momentum = 2048 (533 columns x 100000 events)
(73272@bld05[0]) 2024-04-27 11:23:07,918 [INFO] common.DataReader: Loaded data from file pid211_E4096_eta_20_25_voxalisation.csv for momentum = 4096 (533 columns x 100000 events)
(73272@bld05[0]) 2024-04-27 11:23:09,253 [INFO] common.DataReader: Loaded data from file pid211_E8192_eta_20_25_voxalisation.csv for momentum = 8192 (533 columns x 100000 events)
(73272@bld05[0]) 2024-04-27 11:23:10,720 [INFO] common.DataReader: Loaded data from file pid211_E16384_eta_20_25_voxalisation.csv for momentum = 16384 (533 columns x 99900 events)
(73272@bld05[0]) 2024-04-27 11:23:12,247 [INFO] common.DataReader: Loaded data from file pid211_E32768_eta_20_25_voxalisation.csv for momentum = 32768 (533 columns x 100000 events)
(73272@bld05[0]) 2024-04-27 11:23:13,058 [INFO] common.DataReader: Loaded data from file pid211_E65536_eta_20_25_voxalisation.csv for momentum = 65536 (533 columns x 49900 events)
(73272@bld05[0]) 2024-04-27 11:23:13,565 [INFO] common.DataReader: Loaded data from file pid211_E131072_eta_20_25_voxalisation.csv for momentum = 131072 (533 columns x 29700 events)
(73272@bld05[0]) 2024-04-27 11:23:13,770 [INFO] common.DataReader: Loaded data from file pid211_E262144_eta_20_25_voxalisation.csv for momentum = 262144 (533 columns x 9800 events)
(73272@bld05[0]) 2024-04-27 11:23:13,940 [INFO] common.DataReader: Loaded data from file pid211_E524288_eta_20_25_voxalisation.csv for momentum = 524288 (533 columns x 9850 events)
(73272@bld05[0]) 2024-04-27 11:23:14,100 [INFO] common.DataReader: Loaded data from file pid211_E1048576_eta_20_25_voxalisation.csv for momentum = 1048576 (533 columns x 9700 events)
(73272@bld05[0]) 2024-04-27 11:23:14,258 [INFO] common.DataReader: Loaded data from file pid211_E2097152_eta_20_25_voxalisation.csv for momentum = 2097152 (533 columns x 9480 events)
(73272@bld05[0]) 2024-04-27 11:23:14,422 [INFO] common.DataReader: Loaded data from file pid211_E4194304_eta_20_25_voxalisation.csv for momentum = 4194304 (533 columns x 9575 events)
(73272@bld05[0]) 2024-04-27 11:23:14,427 [INFO] common.DataReader: return value 0.000000, ekin 151.989026, e_min 151.989026, e_max 4194164.402323
(73272@bld05[0]) 2024-04-27 11:23:14,625 [INFO] common.DataReader: Data was normalised by 151.989026
(73272@bld05[0]) 2024-04-27 11:23:14,626 [INFO] common.DataReader: return value 0.092430, ekin 391.090267, e_min 151.989026, e_max 4194164.402323
(73272@bld05[0]) 2024-04-27 11:23:14,793 [INFO] common.DataReader: Data was normalised by 391.090267
(73272@bld05[0]) 2024-04-27 11:23:14,795 [INFO] common.DataReader: return value 0.173270, ekin 893.871896, e_min 151.989026, e_max 4194164.402323
(73272@bld05[0]) 2024-04-27 11:23:14,960 [INFO] common.DataReader: Data was normalised by 893.871896
(73272@bld05[0]) 2024-04-27 11:23:14,962 [INFO] common.DataReader: return value 0.247687, ekin 1913.152338, e_min 151.989026, e_max 4194164.402323
(73272@bld05[0]) 2024-04-27 11:23:15,128 [INFO] common.DataReader: Data was normalised by 1913.152338
(73272@bld05[0]) 2024-04-27 11:23:15,129 [INFO] common.DataReader: return value 0.318803, ekin 3958.778235, e_min 151.989026, e_max 4194164.402323
(73272@bld05[0]) 2024-04-27 11:23:15,295 [INFO] common.DataReader: Data was normalised by 3958.778235
(73272@bld05[0]) 2024-04-27 11:23:15,296 [INFO] common.DataReader: return value 0.388255, ekin 8053.589377, e_min 151.989026, e_max 4194164.402323
(73272@bld05[0]) 2024-04-27 11:23:15,462 [INFO] common.DataReader: Data was normalised by 8053.589377
(73272@bld05[0]) 2024-04-27 11:23:15,463 [INFO] common.DataReader: return value 0.456875, ekin 16244.994721, e_min 151.989026, e_max 4194164.402323
(73272@bld05[0]) 2024-04-27 11:23:15,629 [INFO] common.DataReader: Data was normalised by 16244.994721
(73272@bld05[0]) 2024-04-27 11:23:15,631 [INFO] common.DataReader: return value 0.525079, ekin 32628.697364, e_min 151.989026, e_max 4194164.402323
(73272@bld05[0]) 2024-04-27 11:23:15,816 [INFO] common.DataReader: Data was normalised by 32628.697364
(73272@bld05[0]) 2024-04-27 11:23:15,817 [INFO] common.DataReader: return value 0.593074, ekin 65396.548683, e_min 151.989026, e_max 4194164.402323
(73272@bld05[0]) 2024-04-27 11:23:15,953 [INFO] common.DataReader: Data was normalised by 65396.548683
(73272@bld05[0]) 2024-04-27 11:23:15,954 [INFO] common.DataReader: return value 0.660965, ekin 130932.474341, e_min 151.989026, e_max 4194164.402323
(73272@bld05[0]) 2024-04-27 11:23:16,004 [INFO] common.DataReader: Data was normalised by 130932.474341
(73272@bld05[0]) 2024-04-27 11:23:16,005 [INFO] common.DataReader: return value 0.728804, ekin 262004.437171, e_min 151.989026, e_max 4194164.402323
(73272@bld05[0]) 2024-04-27 11:23:16,022 [INFO] common.DataReader: Data was normalised by 262004.437171
(73272@bld05[0]) 2024-04-27 11:23:16,023 [INFO] common.DataReader: return value 0.796617, ekin 524148.418585, e_min 151.989026, e_max 4194164.402323
(73272@bld05[0]) 2024-04-27 11:23:16,039 [INFO] common.DataReader: Data was normalised by 524148.418585
(73272@bld05[0]) 2024-04-27 11:23:16,039 [INFO] common.DataReader: return value 0.864417, ekin 1048436.409293, e_min 151.989026, e_max 4194164.402323
(73272@bld05[0]) 2024-04-27 11:23:16,056 [INFO] common.DataReader: Data was normalised by 1048436.409293
(73272@bld05[0]) 2024-04-27 11:23:16,056 [INFO] common.DataReader: return value 0.932210, ekin 2097012.404646, e_min 151.989026, e_max 4194164.402323
(73272@bld05[0]) 2024-04-27 11:23:16,073 [INFO] common.DataReader: Data was normalised by 2097012.404646
(73272@bld05[0]) 2024-04-27 11:23:16,074 [INFO] common.DataReader: return value 1.000000, ekin 4194164.402323, e_min 151.989026, e_max 4194164.402323
(73272@bld05[0]) 2024-04-27 11:23:16,090 [INFO] common.DataReader: Data was normalised by 4194164.402323
(73272@bld05[0]) 2024-04-27 11:23:16,091 [INFO] model.conditional_wgangp: Memory required after loading data: 6115468
(73272@bld05[0]) 2024-04-27 11:23:16,091 [INFO] model.conditional_wgangp: Train seed
(73272@bld05[0]) 2024-04-27 11:23:16,091 [INFO] model.conditional_wgangp: Training is done using all sample together
(73272@bld05[0]) 2024-04-27 11:25:34,563 [INFO] model.conditional_wgangp: Got all data
(73272@bld05[0]) 2024-04-27 11:25:34,563 [INFO] model.conditional_wgangp: Memory required after getting data: 13348964
(73272@bld05[0]) 2024-04-27 11:27:27,409 [INFO] model.conditional_wgangp: Energies shape
(73272@bld05[0]) 2024-04-27 11:27:27,410 [INFO] model.conditional_wgangp: (927905, 533)
(73272@bld05[0]) 2024-04-27 11:27:27,412 [INFO] model.conditional_wgangp: Converted energies to tensor
(73272@bld05[0]) 2024-04-27 11:27:27,413 [INFO] model.conditional_wgangp: Memory required after tensor transformation: 16427800
(73272@bld05[0]) 2024-04-27 11:27:29,994 [INFO] model.conditional_wgangp: Converted labels to tensor
(73272@bld05[0]) 2024-04-27 11:27:29,996 [INFO] model.conditional_wgangp: Labels shape
(73272@bld05[0]) 2024-04-27 11:27:29,998 [INFO] model.conditional_wgangp: (927905, 2)
2024-04-27 11:27:33.372920: W tensorflow/core/framework/dataset.cc:959] Input of GeneratorDatasetOp::Dataset will not be optimized because the dataset does not implement the AsGraphDefInternal() method needed to apply optimizations.
(73272@bld05[0]) 2024-04-27 11:27:33,407 [DEBUG] model.conditional_wgangp: X_batch_shape: tf.Tensor([  5 512 533], shape=(3,), dtype=int32)
(73272@bld05[0]) 2024-04-27 11:27:33,408 [DEBUG] model.conditional_wgangp: Labels_batch_shape: tf.Tensor([  5 512   2], shape=(3,), dtype=int32)
(73272@bld05[0]) 2024-04-27 11:27:33,408 [INFO] model.conditional_wgangp: Using 927905 events
(73272@bld05[0]) 2024-04-27 11:27:33,408 [INFO] model.conditional_wgangp: Epoch: 0
(73272@bld05[0]) 2024-04-27 11:27:33,408 [INFO] model.conditional_wgangp: Loading new data using indexes from 8 to 22
(73272@bld05[0]) 2024-04-27 11:27:40,640 [INFO] model.conditional_wgangp: Model and loss values will be saved every 1000 epochs, the loss will also be plotted.
(73272@bld05[0]) 2024-04-27 11:28:50,418 [INFO] common.DataReader: return value 0.000000, ekin 151.989026, e_min 151.989026, e_max 4194164.402323
(73272@bld05[0]) 2024-04-27 11:28:50,420 [DEBUG] model.conditional_wgangp: Generating 10000 events
Error in <TH1F::Chi2TestX>: one histogram is empty
(73272@bld05[0]) 2024-04-27 11:28:50,626 [INFO] common.DataReader: return value 0.092430, ekin 391.090267, e_min 151.989026, e_max 4194164.402323
(73272@bld05[0]) 2024-04-27 11:28:50,628 [DEBUG] model.conditional_wgangp: Generating 10000 events
Error in <TH1F::Chi2TestX>: one histogram is empty
(73272@bld05[0]) 2024-04-27 11:28:50,724 [INFO] common.DataReader: return value 0.173270, ekin 893.871896, e_min 151.989026, e_max 4194164.402323
(73272@bld05[0]) 2024-04-27 11:28:50,725 [DEBUG] model.conditional_wgangp: Generating 10000 events
Error in <TH1F::Chi2TestX>: one histogram is empty
(73272@bld05[0]) 2024-04-27 11:28:50,814 [INFO] common.DataReader: return value 0.247687, ekin 1913.152338, e_min 151.989026, e_max 4194164.402323
(73272@bld05[0]) 2024-04-27 11:28:50,815 [DEBUG] model.conditional_wgangp: Generating 10000 events
Error in <TH1F::Chi2TestX>: one histogram is empty
(73272@bld05[0]) 2024-04-27 11:28:50,907 [INFO] common.DataReader: return value 0.318803, ekin 3958.778235, e_min 151.989026, e_max 4194164.402323
(73272@bld05[0]) 2024-04-27 11:28:50,908 [DEBUG] model.conditional_wgangp: Generating 10000 events
Error in <TH1F::Chi2TestX>: one histogram is empty
(73272@bld05[0]) 2024-04-27 11:28:50,996 [INFO] common.DataReader: return value 0.388255, ekin 8053.589377, e_min 151.989026, e_max 4194164.402323
(73272@bld05[0]) 2024-04-27 11:28:50,997 [DEBUG] model.conditional_wgangp: Generating 10000 events
Error in <TH1F::Chi2TestX>: one histogram is empty
(73272@bld05[0]) 2024-04-27 11:28:51,099 [INFO] common.DataReader: return value 0.456875, ekin 16244.994721, e_min 151.989026, e_max 4194164.402323
(73272@bld05[0]) 2024-04-27 11:28:51,100 [DEBUG] model.conditional_wgangp: Generating 10000 events
Error in <TH1F::Chi2TestX>: one histogram is empty
(73272@bld05[0]) 2024-04-27 11:28:51,188 [INFO] common.DataReader: return value 0.525079, ekin 32628.697364, e_min 151.989026, e_max 4194164.402323
(73272@bld05[0]) 2024-04-27 11:28:51,189 [DEBUG] model.conditional_wgangp: Generating 10000 events
Error in <TH1F::Chi2TestX>: one histogram is empty
(73272@bld05[0]) 2024-04-27 11:28:51,278 [INFO] common.DataReader: return value 0.593074, ekin 65396.548683, e_min 151.989026, e_max 4194164.402323
(73272@bld05[0]) 2024-04-27 11:28:51,279 [DEBUG] model.conditional_wgangp: Generating 10000 events
Error in <TH1F::Chi2TestX>: one histogram is empty
(73272@bld05[0]) 2024-04-27 11:28:51,380 [INFO] common.DataReader: return value 0.660965, ekin 130932.474341, e_min 151.989026, e_max 4194164.402323
(73272@bld05[0]) 2024-04-27 11:28:51,381 [DEBUG] model.conditional_wgangp: Generating 10000 events
Error in <TH1F::Chi2TestX>: one histogram is empty
(73272@bld05[0]) 2024-04-27 11:28:51,470 [INFO] common.DataReader: return value 0.728804, ekin 262004.437171, e_min 151.989026, e_max 4194164.402323
(73272@bld05[0]) 2024-04-27 11:28:51,471 [DEBUG] model.conditional_wgangp: Generating 10000 events
Error in <TH1F::Chi2TestX>: one histogram is empty
(73272@bld05[0]) 2024-04-27 11:28:51,573 [INFO] common.DataReader: return value 0.796617, ekin 524148.418585, e_min 151.989026, e_max 4194164.402323
(73272@bld05[0]) 2024-04-27 11:28:51,574 [DEBUG] model.conditional_wgangp: Generating 10000 events
Error in <TH1F::Chi2TestX>: one histogram is empty
(73272@bld05[0]) 2024-04-27 11:28:51,663 [INFO] common.DataReader: return value 0.864417, ekin 1048436.409293, e_min 151.989026, e_max 4194164.402323
(73272@bld05[0]) 2024-04-27 11:28:51,664 [DEBUG] model.conditional_wgangp: Generating 10000 events
Error in <TH1F::Chi2TestX>: one histogram is empty
(73272@bld05[0]) 2024-04-27 11:28:51,756 [INFO] common.DataReader: return value 0.932210, ekin 2097012.404646, e_min 151.989026, e_max 4194164.402323
(73272@bld05[0]) 2024-04-27 11:28:51,757 [DEBUG] model.conditional_wgangp: Generating 10000 events
Error in <TH1F::Chi2TestX>: one histogram is empty
(73272@bld05[0]) 2024-04-27 11:28:51,857 [INFO] common.DataReader: return value 1.000000, ekin 4194164.402323, e_min 151.989026, e_max 4194164.402323
(73272@bld05[0]) 2024-04-27 11:28:51,858 [DEBUG] model.conditional_wgangp: Generating 10000 events
Error in <TH1F::Chi2TestX>: one histogram is empty
(73272@bld05[0]) 2024-04-27 11:28:51,959 [INFO] model.conditional_wgangp: Chi2 of 0.0 calculated in 1.5413005352020264s
(73272@bld05[0]) 2024-04-27 11:28:51,971 [DEBUG] model.conditional_wgangp: Saving model to /scratch/nucleare/simone.elia/outputs/run5L_256_64_16_8_4/caloChallenge//Baseline_pions_lwtnn/All/checkpoints/pions/checkpoints_eta_20_25
(73272@bld05[0]) 2024-04-27 11:28:52,024 [INFO] absl: Sharding callback duration: 46
(73272@bld05[0]) 2024-04-27 11:28:52,636 [INFO] model.conditional_wgangp: Iter: 1000; D loss: nan; G_loss: nan; TotalTime: 336.5; DataPrep: 3.37, Convert1: 4.704, TrainLoop: 72.27; Mem: 20571684
(73272@bld05[0]) 2024-04-27 11:30:02,002 [INFO] common.DataReader: return value 0.000000, ekin 151.989026, e_min 151.989026, e_max 4194164.402323
(73272@bld05[0]) 2024-04-27 11:30:02,003 [DEBUG] model.conditional_wgangp: Generating 10000 events
Error in <TH1F::Chi2TestX>: one histogram is empty
(73272@bld05[0]) 2024-04-27 11:30:02,102 [INFO] common.DataReader: return value 0.092430, ekin 391.090267, e_min 151.989026, e_max 4194164.402323
(73272@bld05[0]) 2024-04-27 11:30:02,103 [DEBUG] model.conditional_wgangp: Generating 10000 events
Error in <TH1F::Chi2TestX>: one histogram is empty
(73272@bld05[0]) 2024-04-27 11:30:02,195 [INFO] common.DataReader: return value 0.173270, ekin 893.871896, e_min 151.989026, e_max 4194164.402323
(73272@bld05[0]) 2024-04-27 11:30:02,196 [DEBUG] model.conditional_wgangp: Generating 10000 events
Error in <TH1F::Chi2TestX>: one histogram is empty
(73272@bld05[0]) 2024-04-27 11:30:02,284 [INFO] common.DataReader: return value 0.247687, ekin 1913.152338, e_min 151.989026, e_max 4194164.402323
(73272@bld05[0]) 2024-04-27 11:30:02,285 [DEBUG] model.conditional_wgangp: Generating 10000 events
Error in <TH1F::Chi2TestX>: one histogram is empty
(73272@bld05[0]) 2024-04-27 11:30:02,374 [INFO] common.DataReader: return value 0.318803, ekin 3958.778235, e_min 151.989026, e_max 4194164.402323
(73272@bld05[0]) 2024-04-27 11:30:02,375 [DEBUG] model.conditional_wgangp: Generating 10000 events
Error in <TH1F::Chi2TestX>: one histogram is empty
(73272@bld05[0]) 2024-04-27 11:30:02,464 [INFO] common.DataReader: return value 0.388255, ekin 8053.589377, e_min 151.989026, e_max 4194164.402323
(73272@bld05[0]) 2024-04-27 11:30:02,465 [DEBUG] model.conditional_wgangp: Generating 10000 events
Error in <TH1F::Chi2TestX>: one histogram is empty
(73272@bld05[0]) 2024-04-27 11:30:02,556 [INFO] common.DataReader: return value 0.456875, ekin 16244.994721, e_min 151.989026, e_max 4194164.402323
(73272@bld05[0]) 2024-04-27 11:30:02,557 [DEBUG] model.conditional_wgangp: Generating 10000 events
Error in <TH1F::Chi2TestX>: one histogram is empty
(73272@bld05[0]) 2024-04-27 11:30:02,647 [INFO] common.DataReader: return value 0.525079, ekin 32628.697364, e_min 151.989026, e_max 4194164.402323
(73272@bld05[0]) 2024-04-27 11:30:02,648 [DEBUG] model.conditional_wgangp: Generating 10000 events
Error in <TH1F::Chi2TestX>: one histogram is empty
(73272@bld05[0]) 2024-04-27 11:30:02,741 [INFO] common.DataReader: return value 0.593074, ekin 65396.548683, e_min 151.989026, e_max 4194164.402323
(73272@bld05[0]) 2024-04-27 11:30:02,742 [DEBUG] model.conditional_wgangp: Generating 10000 events
Error in <TH1F::Chi2TestX>: one histogram is empty
(73272@bld05[0]) 2024-04-27 11:30:02,831 [INFO] common.DataReader: return value 0.660965, ekin 130932.474341, e_min 151.989026, e_max 4194164.402323
(73272@bld05[0]) 2024-04-27 11:30:02,832 [DEBUG] model.conditional_wgangp: Generating 10000 events
Error in <TH1F::Chi2TestX>: one histogram is empty
(73272@bld05[0]) 2024-04-27 11:30:02,931 [INFO] common.DataReader: return value 0.728804, ekin 262004.437171, e_min 151.989026, e_max 4194164.402323
(73272@bld05[0]) 2024-04-27 11:30:02,932 [DEBUG] model.conditional_wgangp: Generating 10000 events
Error in <TH1F::Chi2TestX>: one histogram is empty
(73272@bld05[0]) 2024-04-27 11:30:03,022 [INFO] common.DataReader: return value 0.796617, ekin 524148.418585, e_min 151.989026, e_max 4194164.402323
(73272@bld05[0]) 2024-04-27 11:30:03,023 [DEBUG] model.conditional_wgangp: Generating 10000 events
Error in <TH1F::Chi2TestX>: one histogram is empty
(73272@bld05[0]) 2024-04-27 11:30:03,112 [INFO] common.DataReader: return value 0.864417, ekin 1048436.409293, e_min 151.989026, e_max 4194164.402323
(73272@bld05[0]) 2024-04-27 11:30:03,113 [DEBUG] model.conditional_wgangp: Generating 10000 events
Error in <TH1F::Chi2TestX>: one histogram is empty
(73272@bld05[0]) 2024-04-27 11:30:03,203 [INFO] common.DataReader: return value 0.932210, ekin 2097012.404646, e_min 151.989026, e_max 4194164.402323
(73272@bld05[0]) 2024-04-27 11:30:03,204 [DEBUG] model.conditional_wgangp: Generating 10000 events
Error in <TH1F::Chi2TestX>: one histogram is empty
(73272@bld05[0]) 2024-04-27 11:30:03,291 [INFO] common.DataReader: return value 1.000000, ekin 4194164.402323, e_min 151.989026, e_max 4194164.402323
(73272@bld05[0]) 2024-04-27 11:30:03,292 [DEBUG] model.conditional_wgangp: Generating 10000 events
Error in <TH1F::Chi2TestX>: one histogram is empty
(73272@bld05[0]) 2024-04-27 11:30:03,379 [INFO] model.conditional_wgangp: Chi2 of 0.0 calculated in 1.3770287036895752s
(73272@bld05[0]) 2024-04-27 11:30:03,393 [DEBUG] model.conditional_wgangp: Saving model to /scratch/nucleare/simone.elia/outputs/run5L_256_64_16_8_4/caloChallenge//Baseline_pions_lwtnn/All/checkpoints/pions/checkpoints_eta_20_25
(73272@bld05[0]) 2024-04-27 11:30:03,414 [INFO] absl: Sharding callback duration: 53
(73272@bld05[0]) 2024-04-27 11:30:04,016 [INFO] model.conditional_wgangp: Iter: 2000; D loss: nan; G_loss: nan; TotalTime: 71.43; DataPrep: 0.0, Convert1: 1.744, TrainLoop: 67.59; Mem: 20571684
(73272@bld05[0]) 2024-04-27 11:31:12,617 [INFO] common.DataReader: return value 0.000000, ekin 151.989026, e_min 151.989026, e_max 4194164.402323
(73272@bld05[0]) 2024-04-27 11:31:12,618 [DEBUG] model.conditional_wgangp: Generating 10000 events
Error in <TH1F::Chi2TestX>: one histogram is empty
(73272@bld05[0]) 2024-04-27 11:31:12,726 [INFO] common.DataReader: return value 0.092430, ekin 391.090267, e_min 151.989026, e_max 4194164.402323
(73272@bld05[0]) 2024-04-27 11:31:12,727 [DEBUG] model.conditional_wgangp: Generating 10000 events
Error in <TH1F::Chi2TestX>: one histogram is empty
(73272@bld05[0]) 2024-04-27 11:31:12,827 [INFO] common.DataReader: return value 0.173270, ekin 893.871896, e_min 151.989026, e_max 4194164.402323
(73272@bld05[0]) 2024-04-27 11:31:12,828 [DEBUG] model.conditional_wgangp: Generating 10000 events
Error in <TH1F::Chi2TestX>: one histogram is empty
(73272@bld05[0]) 2024-04-27 11:31:12,921 [INFO] common.DataReader: return value 0.247687, ekin 1913.152338, e_min 151.989026, e_max 4194164.402323
(73272@bld05[0]) 2024-04-27 11:31:12,922 [DEBUG] model.conditional_wgangp: Generating 10000 events
Error in <TH1F::Chi2TestX>: one histogram is empty
(73272@bld05[0]) 2024-04-27 11:31:13,015 [INFO] common.DataReader: return value 0.318803, ekin 3958.778235, e_min 151.989026, e_max 4194164.402323
(73272@bld05[0]) 2024-04-27 11:31:13,016 [DEBUG] model.conditional_wgangp: Generating 10000 events
Error in <TH1F::Chi2TestX>: one histogram is empty
(73272@bld05[0]) 2024-04-27 11:31:13,106 [INFO] common.DataReader: return value 0.388255, ekin 8053.589377, e_min 151.989026, e_max 4194164.402323
(73272@bld05[0]) 2024-04-27 11:31:13,107 [DEBUG] model.conditional_wgangp: Generating 10000 events
Error in <TH1F::Chi2TestX>: one histogram is empty
(73272@bld05[0]) 2024-04-27 11:31:13,209 [INFO] common.DataReader: return value 0.456875, ekin 16244.994721, e_min 151.989026, e_max 4194164.402323
(73272@bld05[0]) 2024-04-27 11:31:13,210 [DEBUG] model.conditional_wgangp: Generating 10000 events
Error in <TH1F::Chi2TestX>: one histogram is empty
(73272@bld05[0]) 2024-04-27 11:31:13,312 [INFO] common.DataReader: return value 0.525079, ekin 32628.697364, e_min 151.989026, e_max 4194164.402323
(73272@bld05[0]) 2024-04-27 11:31:13,313 [DEBUG] model.conditional_wgangp: Generating 10000 events
Error in <TH1F::Chi2TestX>: one histogram is empty
(73272@bld05[0]) 2024-04-27 11:31:13,400 [INFO] common.DataReader: return value 0.593074, ekin 65396.548683, e_min 151.989026, e_max 4194164.402323
(73272@bld05[0]) 2024-04-27 11:31:13,401 [DEBUG] model.conditional_wgangp: Generating 10000 events
Error in <TH1F::Chi2TestX>: one histogram is empty
(73272@bld05[0]) 2024-04-27 11:31:13,502 [INFO] common.DataReader: return value 0.660965, ekin 130932.474341, e_min 151.989026, e_max 4194164.402323
(73272@bld05[0]) 2024-04-27 11:31:13,504 [DEBUG] model.conditional_wgangp: Generating 10000 events
Error in <TH1F::Chi2TestX>: one histogram is empty
(73272@bld05[0]) 2024-04-27 11:31:13,603 [INFO] common.DataReader: return value 0.728804, ekin 262004.437171, e_min 151.989026, e_max 4194164.402323
(73272@bld05[0]) 2024-04-27 11:31:13,604 [DEBUG] model.conditional_wgangp: Generating 10000 events
Error in <TH1F::Chi2TestX>: one histogram is empty
(73272@bld05[0]) 2024-04-27 11:31:13,699 [INFO] common.DataReader: return value 0.796617, ekin 524148.418585, e_min 151.989026, e_max 4194164.402323
(73272@bld05[0]) 2024-04-27 11:31:13,700 [DEBUG] model.conditional_wgangp: Generating 10000 events
Error in <TH1F::Chi2TestX>: one histogram is empty
(73272@bld05[0]) 2024-04-27 11:31:13,801 [INFO] common.DataReader: return value 0.864417, ekin 1048436.409293, e_min 151.989026, e_max 4194164.402323
(73272@bld05[0]) 2024-04-27 11:31:13,802 [DEBUG] model.conditional_wgangp: Generating 10000 events
Error in <TH1F::Chi2TestX>: one histogram is empty
(73272@bld05[0]) 2024-04-27 11:31:13,904 [INFO] common.DataReader: return value 0.932210, ekin 2097012.404646, e_min 151.989026, e_max 4194164.402323
(73272@bld05[0]) 2024-04-27 11:31:13,905 [DEBUG] model.conditional_wgangp: Generating 10000 events
Error in <TH1F::Chi2TestX>: one histogram is empty
(73272@bld05[0]) 2024-04-27 11:31:14,005 [INFO] common.DataReader: return value 1.000000, ekin 4194164.402323, e_min 151.989026, e_max 4194164.402323
(73272@bld05[0]) 2024-04-27 11:31:14,006 [DEBUG] model.conditional_wgangp: Generating 10000 events
Error in <TH1F::Chi2TestX>: one histogram is empty
(73272@bld05[0]) 2024-04-27 11:31:14,095 [INFO] model.conditional_wgangp: Chi2 of 0.0 calculated in 1.47882080078125s
(73272@bld05[0]) 2024-04-27 11:31:14,107 [DEBUG] model.conditional_wgangp: Saving model to /scratch/nucleare/simone.elia/outputs/run5L_256_64_16_8_4/caloChallenge//Baseline_pions_lwtnn/All/checkpoints/pions/checkpoints_eta_20_25
(73272@bld05[0]) 2024-04-27 11:31:14,129 [INFO] absl: Sharding callback duration: 40
(73272@bld05[0]) 2024-04-27 11:31:14,710 [INFO] model.conditional_wgangp: Iter: 3000; D loss: nan; G_loss: nan; TotalTime: 70.69; DataPrep: 0.0, Convert1: 1.783, TrainLoop: 66.78; Mem: 20571684
(73272@bld05[0]) 2024-04-27 11:32:23,599 [INFO] common.DataReader: return value 0.000000, ekin 151.989026, e_min 151.989026, e_max 4194164.402323
(73272@bld05[0]) 2024-04-27 11:32:23,600 [DEBUG] model.conditional_wgangp: Generating 10000 events
Error in <TH1F::Chi2TestX>: one histogram is empty
(73272@bld05[0]) 2024-04-27 11:32:23,693 [INFO] common.DataReader: return value 0.092430, ekin 391.090267, e_min 151.989026, e_max 4194164.402323
(73272@bld05[0]) 2024-04-27 11:32:23,694 [DEBUG] model.conditional_wgangp: Generating 10000 events
Error in <TH1F::Chi2TestX>: one histogram is empty
(73272@bld05[0]) 2024-04-27 11:32:23,788 [INFO] common.DataReader: return value 0.173270, ekin 893.871896, e_min 151.989026, e_max 4194164.402323
(73272@bld05[0]) 2024-04-27 11:32:23,789 [DEBUG] model.conditional_wgangp: Generating 10000 events
Error in <TH1F::Chi2TestX>: one histogram is empty
(73272@bld05[0]) 2024-04-27 11:32:23,884 [INFO] common.DataReader: return value 0.247687, ekin 1913.152338, e_min 151.989026, e_max 4194164.402323
(73272@bld05[0]) 2024-04-27 11:32:23,885 [DEBUG] model.conditional_wgangp: Generating 10000 events
Error in <TH1F::Chi2TestX>: one histogram is empty
(73272@bld05[0]) 2024-04-27 11:32:23,975 [INFO] common.DataReader: return value 0.318803, ekin 3958.778235, e_min 151.989026, e_max 4194164.402323
(73272@bld05[0]) 2024-04-27 11:32:23,976 [DEBUG] model.conditional_wgangp: Generating 10000 events
Error in <TH1F::Chi2TestX>: one histogram is empty
(73272@bld05[0]) 2024-04-27 11:32:24,064 [INFO] common.DataReader: return value 0.388255, ekin 8053.589377, e_min 151.989026, e_max 4194164.402323
(73272@bld05[0]) 2024-04-27 11:32:24,066 [DEBUG] model.conditional_wgangp: Generating 10000 events
Error in <TH1F::Chi2TestX>: one histogram is empty
(73272@bld05[0]) 2024-04-27 11:32:24,166 [INFO] common.DataReader: return value 0.456875, ekin 16244.994721, e_min 151.989026, e_max 4194164.402323
(73272@bld05[0]) 2024-04-27 11:32:24,167 [DEBUG] model.conditional_wgangp: Generating 10000 events
Error in <TH1F::Chi2TestX>: one histogram is empty
(73272@bld05[0]) 2024-04-27 11:32:24,269 [INFO] common.DataReader: return value 0.525079, ekin 32628.697364, e_min 151.989026, e_max 4194164.402323
(73272@bld05[0]) 2024-04-27 11:32:24,270 [DEBUG] model.conditional_wgangp: Generating 10000 events
Error in <TH1F::Chi2TestX>: one histogram is empty
(73272@bld05[0]) 2024-04-27 11:32:24,358 [INFO] common.DataReader: return value 0.593074, ekin 65396.548683, e_min 151.989026, e_max 4194164.402323
(73272@bld05[0]) 2024-04-27 11:32:24,359 [DEBUG] model.conditional_wgangp: Generating 10000 events
Error in <TH1F::Chi2TestX>: one histogram is empty
(73272@bld05[0]) 2024-04-27 11:32:24,448 [INFO] common.DataReader: return value 0.660965, ekin 130932.474341, e_min 151.989026, e_max 4194164.402323
(73272@bld05[0]) 2024-04-27 11:32:24,449 [DEBUG] model.conditional_wgangp: Generating 10000 events
Error in <TH1F::Chi2TestX>: one histogram is empty
(73272@bld05[0]) 2024-04-27 11:32:24,537 [INFO] common.DataReader: return value 0.728804, ekin 262004.437171, e_min 151.989026, e_max 4194164.402323
(73272@bld05[0]) 2024-04-27 11:32:24,539 [DEBUG] model.conditional_wgangp: Generating 10000 events
Error in <TH1F::Chi2TestX>: one histogram is empty
(73272@bld05[0]) 2024-04-27 11:32:24,628 [INFO] common.DataReader: return value 0.796617, ekin 524148.418585, e_min 151.989026, e_max 4194164.402323
(73272@bld05[0]) 2024-04-27 11:32:24,629 [DEBUG] model.conditional_wgangp: Generating 10000 events
Error in <TH1F::Chi2TestX>: one histogram is empty
(73272@bld05[0]) 2024-04-27 11:32:24,717 [INFO] common.DataReader: return value 0.864417, ekin 1048436.409293, e_min 151.989026, e_max 4194164.402323
(73272@bld05[0]) 2024-04-27 11:32:24,718 [DEBUG] model.conditional_wgangp: Generating 10000 events
Error in <TH1F::Chi2TestX>: one histogram is empty
(73272@bld05[0]) 2024-04-27 11:32:24,806 [INFO] common.DataReader: return value 0.932210, ekin 2097012.404646, e_min 151.989026, e_max 4194164.402323
(73272@bld05[0]) 2024-04-27 11:32:24,807 [DEBUG] model.conditional_wgangp: Generating 10000 events
Error in <TH1F::Chi2TestX>: one histogram is empty
(73272@bld05[0]) 2024-04-27 11:32:24,896 [INFO] common.DataReader: return value 1.000000, ekin 4194164.402323, e_min 151.989026, e_max 4194164.402323
(73272@bld05[0]) 2024-04-27 11:32:24,897 [DEBUG] model.conditional_wgangp: Generating 10000 events
Error in <TH1F::Chi2TestX>: one histogram is empty
(73272@bld05[0]) 2024-04-27 11:32:24,985 [INFO] model.conditional_wgangp: Chi2 of 0.0 calculated in 1.3867239952087402s
(73272@bld05[0]) 2024-04-27 11:32:24,997 [DEBUG] model.conditional_wgangp: Saving model to /scratch/nucleare/simone.elia/outputs/run5L_256_64_16_8_4/caloChallenge//Baseline_pions_lwtnn/All/checkpoints/pions/checkpoints_eta_20_25
(73272@bld05[0]) 2024-04-27 11:32:25,018 [INFO] absl: Sharding callback duration: 48
(73272@bld05[0]) 2024-04-27 11:32:25,558 [INFO] model.conditional_wgangp: Iter: 4000; D loss: nan; G_loss: nan; TotalTime: 70.85; DataPrep: 0.0, Convert1: 1.718, TrainLoop: 67.14; Mem: 20571684
(73272@bld05[0]) 2024-04-27 11:33:33,888 [INFO] common.DataReader: return value 0.000000, ekin 151.989026, e_min 151.989026, e_max 4194164.402323
(73272@bld05[0]) 2024-04-27 11:33:33,889 [DEBUG] model.conditional_wgangp: Generating 10000 events
Error in <TH1F::Chi2TestX>: one histogram is empty
(73272@bld05[0]) 2024-04-27 11:33:33,981 [INFO] common.DataReader: return value 0.092430, ekin 391.090267, e_min 151.989026, e_max 4194164.402323
(73272@bld05[0]) 2024-04-27 11:33:33,982 [DEBUG] model.conditional_wgangp: Generating 10000 events
Error in <TH1F::Chi2TestX>: one histogram is empty
(73272@bld05[0]) 2024-04-27 11:33:34,070 [INFO] common.DataReader: return value 0.173270, ekin 893.871896, e_min 151.989026, e_max 4194164.402323
(73272@bld05[0]) 2024-04-27 11:33:34,072 [DEBUG] model.conditional_wgangp: Generating 10000 events
Error in <TH1F::Chi2TestX>: one histogram is empty
(73272@bld05[0]) 2024-04-27 11:33:34,161 [INFO] common.DataReader: return value 0.247687, ekin 1913.152338, e_min 151.989026, e_max 4194164.402323
(73272@bld05[0]) 2024-04-27 11:33:34,163 [DEBUG] model.conditional_wgangp: Generating 10000 events
Error in <TH1F::Chi2TestX>: one histogram is empty
(73272@bld05[0]) 2024-04-27 11:33:34,251 [INFO] common.DataReader: return value 0.318803, ekin 3958.778235, e_min 151.989026, e_max 4194164.402323
(73272@bld05[0]) 2024-04-27 11:33:34,252 [DEBUG] model.conditional_wgangp: Generating 10000 events
Error in <TH1F::Chi2TestX>: one histogram is empty
(73272@bld05[0]) 2024-04-27 11:33:34,340 [INFO] common.DataReader: return value 0.388255, ekin 8053.589377, e_min 151.989026, e_max 4194164.402323
(73272@bld05[0]) 2024-04-27 11:33:34,341 [DEBUG] model.conditional_wgangp: Generating 10000 events
Error in <TH1F::Chi2TestX>: one histogram is empty
(73272@bld05[0]) 2024-04-27 11:33:34,429 [INFO] common.DataReader: return value 0.456875, ekin 16244.994721, e_min 151.989026, e_max 4194164.402323
(73272@bld05[0]) 2024-04-27 11:33:34,430 [DEBUG] model.conditional_wgangp: Generating 10000 events
Error in <TH1F::Chi2TestX>: one histogram is empty
(73272@bld05[0]) 2024-04-27 11:33:34,518 [INFO] common.DataReader: return value 0.525079, ekin 32628.697364, e_min 151.989026, e_max 4194164.402323
(73272@bld05[0]) 2024-04-27 11:33:34,520 [DEBUG] model.conditional_wgangp: Generating 10000 events
Error in <TH1F::Chi2TestX>: one histogram is empty
(73272@bld05[0]) 2024-04-27 11:33:34,606 [INFO] common.DataReader: return value 0.593074, ekin 65396.548683, e_min 151.989026, e_max 4194164.402323
(73272@bld05[0]) 2024-04-27 11:33:34,607 [DEBUG] model.conditional_wgangp: Generating 10000 events
Error in <TH1F::Chi2TestX>: one histogram is empty
(73272@bld05[0]) 2024-04-27 11:33:34,695 [INFO] common.DataReader: return value 0.660965, ekin 130932.474341, e_min 151.989026, e_max 4194164.402323
(73272@bld05[0]) 2024-04-27 11:33:34,696 [DEBUG] model.conditional_wgangp: Generating 10000 events
Error in <TH1F::Chi2TestX>: one histogram is empty
(73272@bld05[0]) 2024-04-27 11:33:34,784 [INFO] common.DataReader: return value 0.728804, ekin 262004.437171, e_min 151.989026, e_max 4194164.402323
(73272@bld05[0]) 2024-04-27 11:33:34,785 [DEBUG] model.conditional_wgangp: Generating 10000 events
Error in <TH1F::Chi2TestX>: one histogram is empty
(73272@bld05[0]) 2024-04-27 11:33:34,873 [INFO] common.DataReader: return value 0.796617, ekin 524148.418585, e_min 151.989026, e_max 4194164.402323
(73272@bld05[0]) 2024-04-27 11:33:34,874 [DEBUG] model.conditional_wgangp: Generating 10000 events
Error in <TH1F::Chi2TestX>: one histogram is empty
(73272@bld05[0]) 2024-04-27 11:33:34,963 [INFO] common.DataReader: return value 0.864417, ekin 1048436.409293, e_min 151.989026, e_max 4194164.402323
(73272@bld05[0]) 2024-04-27 11:33:34,964 [DEBUG] model.conditional_wgangp: Generating 10000 events
Error in <TH1F::Chi2TestX>: one histogram is empty
(73272@bld05[0]) 2024-04-27 11:33:35,051 [INFO] common.DataReader: return value 0.932210, ekin 2097012.404646, e_min 151.989026, e_max 4194164.402323
(73272@bld05[0]) 2024-04-27 11:33:35,053 [DEBUG] model.conditional_wgangp: Generating 10000 events
Error in <TH1F::Chi2TestX>: one histogram is empty
(73272@bld05[0]) 2024-04-27 11:33:35,140 [INFO] common.DataReader: return value 1.000000, ekin 4194164.402323, e_min 151.989026, e_max 4194164.402323
(73272@bld05[0]) 2024-04-27 11:33:35,141 [DEBUG] model.conditional_wgangp: Generating 10000 events
Error in <TH1F::Chi2TestX>: one histogram is empty
(73272@bld05[0]) 2024-04-27 11:33:35,230 [INFO] model.conditional_wgangp: Chi2 of 0.0 calculated in 1.3421006202697754s
(73272@bld05[0]) 2024-04-27 11:33:35,242 [DEBUG] model.conditional_wgangp: Saving model to /scratch/nucleare/simone.elia/outputs/run5L_256_64_16_8_4/caloChallenge//Baseline_pions_lwtnn/All/checkpoints/pions/checkpoints_eta_20_25
(73272@bld05[0]) 2024-04-27 11:33:35,272 [INFO] absl: Sharding callback duration: 49
(73272@bld05[0]) 2024-04-27 11:33:35,831 [INFO] model.conditional_wgangp: Iter: 5000; D loss: nan; G_loss: nan; TotalTime: 70.27; DataPrep: 0.0, Convert1: 1.701, TrainLoop: 66.6; Mem: 20571684
(73272@bld05[0]) 2024-04-27 11:34:44,566 [INFO] common.DataReader: return value 0.000000, ekin 151.989026, e_min 151.989026, e_max 4194164.402323
(73272@bld05[0]) 2024-04-27 11:34:44,567 [DEBUG] model.conditional_wgangp: Generating 10000 events
Error in <TH1F::Chi2TestX>: one histogram is empty
(73272@bld05[0]) 2024-04-27 11:34:44,672 [INFO] common.DataReader: return value 0.092430, ekin 391.090267, e_min 151.989026, e_max 4194164.402323
(73272@bld05[0]) 2024-04-27 11:34:44,673 [DEBUG] model.conditional_wgangp: Generating 10000 events
Error in <TH1F::Chi2TestX>: one histogram is empty
(73272@bld05[0]) 2024-04-27 11:34:44,761 [INFO] common.DataReader: return value 0.173270, ekin 893.871896, e_min 151.989026, e_max 4194164.402323
(73272@bld05[0]) 2024-04-27 11:34:44,762 [DEBUG] model.conditional_wgangp: Generating 10000 events
Error in <TH1F::Chi2TestX>: one histogram is empty
(73272@bld05[0]) 2024-04-27 11:34:44,852 [INFO] common.DataReader: return value 0.247687, ekin 1913.152338, e_min 151.989026, e_max 4194164.402323
(73272@bld05[0]) 2024-04-27 11:34:44,854 [DEBUG] model.conditional_wgangp: Generating 10000 events
Error in <TH1F::Chi2TestX>: one histogram is empty
(73272@bld05[0]) 2024-04-27 11:34:44,954 [INFO] common.DataReader: return value 0.318803, ekin 3958.778235, e_min 151.989026, e_max 4194164.402323
(73272@bld05[0]) 2024-04-27 11:34:44,955 [DEBUG] model.conditional_wgangp: Generating 10000 events
Error in <TH1F::Chi2TestX>: one histogram is empty
(73272@bld05[0]) 2024-04-27 11:34:45,043 [INFO] common.DataReader: return value 0.388255, ekin 8053.589377, e_min 151.989026, e_max 4194164.402323
(73272@bld05[0]) 2024-04-27 11:34:45,044 [DEBUG] model.conditional_wgangp: Generating 10000 events
Error in <TH1F::Chi2TestX>: one histogram is empty
(73272@bld05[0]) 2024-04-27 11:34:45,131 [INFO] common.DataReader: return value 0.456875, ekin 16244.994721, e_min 151.989026, e_max 4194164.402323
(73272@bld05[0]) 2024-04-27 11:34:45,132 [DEBUG] model.conditional_wgangp: Generating 10000 events
Error in <TH1F::Chi2TestX>: one histogram is empty
(73272@bld05[0]) 2024-04-27 11:34:45,220 [INFO] common.DataReader: return value 0.525079, ekin 32628.697364, e_min 151.989026, e_max 4194164.402323
(73272@bld05[0]) 2024-04-27 11:34:45,221 [DEBUG] model.conditional_wgangp: Generating 10000 events
Error in <TH1F::Chi2TestX>: one histogram is empty
(73272@bld05[0]) 2024-04-27 11:34:45,308 [INFO] common.DataReader: return value 0.593074, ekin 65396.548683, e_min 151.989026, e_max 4194164.402323
(73272@bld05[0]) 2024-04-27 11:34:45,309 [DEBUG] model.conditional_wgangp: Generating 10000 events
Error in <TH1F::Chi2TestX>: one histogram is empty
(73272@bld05[0]) 2024-04-27 11:34:45,398 [INFO] common.DataReader: return value 0.660965, ekin 130932.474341, e_min 151.989026, e_max 4194164.402323
(73272@bld05[0]) 2024-04-27 11:34:45,399 [DEBUG] model.conditional_wgangp: Generating 10000 events
Error in <TH1F::Chi2TestX>: one histogram is empty
(73272@bld05[0]) 2024-04-27 11:34:45,488 [INFO] common.DataReader: return value 0.728804, ekin 262004.437171, e_min 151.989026, e_max 4194164.402323
(73272@bld05[0]) 2024-04-27 11:34:45,489 [DEBUG] model.conditional_wgangp: Generating 10000 events
Error in <TH1F::Chi2TestX>: one histogram is empty
(73272@bld05[0]) 2024-04-27 11:34:45,577 [INFO] common.DataReader: return value 0.796617, ekin 524148.418585, e_min 151.989026, e_max 4194164.402323
(73272@bld05[0]) 2024-04-27 11:34:45,578 [DEBUG] model.conditional_wgangp: Generating 10000 events
Error in <TH1F::Chi2TestX>: one histogram is empty
(73272@bld05[0]) 2024-04-27 11:34:45,666 [INFO] common.DataReader: return value 0.864417, ekin 1048436.409293, e_min 151.989026, e_max 4194164.402323
(73272@bld05[0]) 2024-04-27 11:34:45,667 [DEBUG] model.conditional_wgangp: Generating 10000 events
Error in <TH1F::Chi2TestX>: one histogram is empty
(73272@bld05[0]) 2024-04-27 11:34:45,755 [INFO] common.DataReader: return value 0.932210, ekin 2097012.404646, e_min 151.989026, e_max 4194164.402323
(73272@bld05[0]) 2024-04-27 11:34:45,756 [DEBUG] model.conditional_wgangp: Generating 10000 events
Error in <TH1F::Chi2TestX>: one histogram is empty
(73272@bld05[0]) 2024-04-27 11:34:45,856 [INFO] common.DataReader: return value 1.000000, ekin 4194164.402323, e_min 151.989026, e_max 4194164.402323
(73272@bld05[0]) 2024-04-27 11:34:45,857 [DEBUG] model.conditional_wgangp: Generating 10000 events
Error in <TH1F::Chi2TestX>: one histogram is empty
(73272@bld05[0]) 2024-04-27 11:34:45,957 [INFO] model.conditional_wgangp: Chi2 of 0.0 calculated in 1.390601634979248s
(73272@bld05[0]) 2024-04-27 11:34:45,968 [DEBUG] model.conditional_wgangp: Saving model to /scratch/nucleare/simone.elia/outputs/run5L_256_64_16_8_4/caloChallenge//Baseline_pions_lwtnn/All/checkpoints/pions/checkpoints_eta_20_25
(73272@bld05[0]) 2024-04-27 11:34:45,989 [INFO] absl: Sharding callback duration: 48
(73272@bld05[0]) 2024-04-27 11:34:46,571 [INFO] model.conditional_wgangp: Iter: 6000; D loss: nan; G_loss: nan; TotalTime: 70.74; DataPrep: 0.0, Convert1: 1.734, TrainLoop: 66.97; Mem: 20571684
(73272@bld05[0]) 2024-04-27 11:35:55,045 [INFO] common.DataReader: return value 0.000000, ekin 151.989026, e_min 151.989026, e_max 4194164.402323
(73272@bld05[0]) 2024-04-27 11:35:55,046 [DEBUG] model.conditional_wgangp: Generating 10000 events
Error in <TH1F::Chi2TestX>: one histogram is empty
(73272@bld05[0]) 2024-04-27 11:35:55,135 [INFO] common.DataReader: return value 0.092430, ekin 391.090267, e_min 151.989026, e_max 4194164.402323
(73272@bld05[0]) 2024-04-27 11:35:55,136 [DEBUG] model.conditional_wgangp: Generating 10000 events
Error in <TH1F::Chi2TestX>: one histogram is empty
(73272@bld05[0]) 2024-04-27 11:35:55,223 [INFO] common.DataReader: return value 0.173270, ekin 893.871896, e_min 151.989026, e_max 4194164.402323
(73272@bld05[0]) 2024-04-27 11:35:55,224 [DEBUG] model.conditional_wgangp: Generating 10000 events
Error in <TH1F::Chi2TestX>: one histogram is empty
(73272@bld05[0]) 2024-04-27 11:35:55,313 [INFO] common.DataReader: return value 0.247687, ekin 1913.152338, e_min 151.989026, e_max 4194164.402323
(73272@bld05[0]) 2024-04-27 11:35:55,314 [DEBUG] model.conditional_wgangp: Generating 10000 events
Error in <TH1F::Chi2TestX>: one histogram is empty
(73272@bld05[0]) 2024-04-27 11:35:55,402 [INFO] common.DataReader: return value 0.318803, ekin 3958.778235, e_min 151.989026, e_max 4194164.402323
(73272@bld05[0]) 2024-04-27 11:35:55,403 [DEBUG] model.conditional_wgangp: Generating 10000 events
Error in <TH1F::Chi2TestX>: one histogram is empty
(73272@bld05[0]) 2024-04-27 11:35:55,490 [INFO] common.DataReader: return value 0.388255, ekin 8053.589377, e_min 151.989026, e_max 4194164.402323
(73272@bld05[0]) 2024-04-27 11:35:55,492 [DEBUG] model.conditional_wgangp: Generating 10000 events
Error in <TH1F::Chi2TestX>: one histogram is empty
(73272@bld05[0]) 2024-04-27 11:35:55,578 [INFO] common.DataReader: return value 0.456875, ekin 16244.994721, e_min 151.989026, e_max 4194164.402323
(73272@bld05[0]) 2024-04-27 11:35:55,579 [DEBUG] model.conditional_wgangp: Generating 10000 events
Error in <TH1F::Chi2TestX>: one histogram is empty
(73272@bld05[0]) 2024-04-27 11:35:55,664 [INFO] common.DataReader: return value 0.525079, ekin 32628.697364, e_min 151.989026, e_max 4194164.402323
(73272@bld05[0]) 2024-04-27 11:35:55,666 [DEBUG] model.conditional_wgangp: Generating 10000 events
Error in <TH1F::Chi2TestX>: one histogram is empty
(73272@bld05[0]) 2024-04-27 11:35:55,752 [INFO] common.DataReader: return value 0.593074, ekin 65396.548683, e_min 151.989026, e_max 4194164.402323
(73272@bld05[0]) 2024-04-27 11:35:55,753 [DEBUG] model.conditional_wgangp: Generating 10000 events
Error in <TH1F::Chi2TestX>: one histogram is empty
(73272@bld05[0]) 2024-04-27 11:35:55,840 [INFO] common.DataReader: return value 0.660965, ekin 130932.474341, e_min 151.989026, e_max 4194164.402323
(73272@bld05[0]) 2024-04-27 11:35:55,841 [DEBUG] model.conditional_wgangp: Generating 10000 events
Error in <TH1F::Chi2TestX>: one histogram is empty
(73272@bld05[0]) 2024-04-27 11:35:55,928 [INFO] common.DataReader: return value 0.728804, ekin 262004.437171, e_min 151.989026, e_max 4194164.402323
(73272@bld05[0]) 2024-04-27 11:35:55,929 [DEBUG] model.conditional_wgangp: Generating 10000 events
Error in <TH1F::Chi2TestX>: one histogram is empty
(73272@bld05[0]) 2024-04-27 11:35:56,015 [INFO] common.DataReader: return value 0.796617, ekin 524148.418585, e_min 151.989026, e_max 4194164.402323
(73272@bld05[0]) 2024-04-27 11:35:56,016 [DEBUG] model.conditional_wgangp: Generating 10000 events
Error in <TH1F::Chi2TestX>: one histogram is empty
(73272@bld05[0]) 2024-04-27 11:35:56,104 [INFO] common.DataReader: return value 0.864417, ekin 1048436.409293, e_min 151.989026, e_max 4194164.402323
(73272@bld05[0]) 2024-04-27 11:35:56,105 [DEBUG] model.conditional_wgangp: Generating 10000 events
Error in <TH1F::Chi2TestX>: one histogram is empty
(73272@bld05[0]) 2024-04-27 11:35:56,206 [INFO] common.DataReader: return value 0.932210, ekin 2097012.404646, e_min 151.989026, e_max 4194164.402323
(73272@bld05[0]) 2024-04-27 11:35:56,207 [DEBUG] model.conditional_wgangp: Generating 10000 events
Error in <TH1F::Chi2TestX>: one histogram is empty
(73272@bld05[0]) 2024-04-27 11:35:56,294 [INFO] common.DataReader: return value 1.000000, ekin 4194164.402323, e_min 151.989026, e_max 4194164.402323
(73272@bld05[0]) 2024-04-27 11:35:56,296 [DEBUG] model.conditional_wgangp: Generating 10000 events
Error in <TH1F::Chi2TestX>: one histogram is empty
(73272@bld05[0]) 2024-04-27 11:35:56,396 [INFO] model.conditional_wgangp: Chi2 of 0.0 calculated in 1.3512768745422363s
(73272@bld05[0]) 2024-04-27 11:35:56,408 [DEBUG] model.conditional_wgangp: Saving model to /scratch/nucleare/simone.elia/outputs/run5L_256_64_16_8_4/caloChallenge//Baseline_pions_lwtnn/All/checkpoints/pions/checkpoints_eta_20_25
(73272@bld05[0]) 2024-04-27 11:35:56,430 [INFO] absl: Sharding callback duration: 53
(73272@bld05[0]) 2024-04-27 11:35:57,036 [INFO] model.conditional_wgangp: Iter: 7000; D loss: nan; G_loss: nan; TotalTime: 70.46; DataPrep: 0.0, Convert1: 1.738, TrainLoop: 66.7; Mem: 20571684
(73272@bld05[0]) 2024-04-27 11:37:05,514 [INFO] common.DataReader: return value 0.000000, ekin 151.989026, e_min 151.989026, e_max 4194164.402323
(73272@bld05[0]) 2024-04-27 11:37:05,516 [DEBUG] model.conditional_wgangp: Generating 10000 events
Error in <TH1F::Chi2TestX>: one histogram is empty
(73272@bld05[0]) 2024-04-27 11:37:05,631 [INFO] common.DataReader: return value 0.092430, ekin 391.090267, e_min 151.989026, e_max 4194164.402323
(73272@bld05[0]) 2024-04-27 11:37:05,632 [DEBUG] model.conditional_wgangp: Generating 10000 events
Error in <TH1F::Chi2TestX>: one histogram is empty
(73272@bld05[0]) 2024-04-27 11:37:05,722 [INFO] common.DataReader: return value 0.173270, ekin 893.871896, e_min 151.989026, e_max 4194164.402323
(73272@bld05[0]) 2024-04-27 11:37:05,723 [DEBUG] model.conditional_wgangp: Generating 10000 events
Error in <TH1F::Chi2TestX>: one histogram is empty
(73272@bld05[0]) 2024-04-27 11:37:05,826 [INFO] common.DataReader: return value 0.247687, ekin 1913.152338, e_min 151.989026, e_max 4194164.402323
(73272@bld05[0]) 2024-04-27 11:37:05,827 [DEBUG] model.conditional_wgangp: Generating 10000 events
Error in <TH1F::Chi2TestX>: one histogram is empty
(73272@bld05[0]) 2024-04-27 11:37:05,915 [INFO] common.DataReader: return value 0.318803, ekin 3958.778235, e_min 151.989026, e_max 4194164.402323
(73272@bld05[0]) 2024-04-27 11:37:05,916 [DEBUG] model.conditional_wgangp: Generating 10000 events
Error in <TH1F::Chi2TestX>: one histogram is empty
(73272@bld05[0]) 2024-04-27 11:37:06,003 [INFO] common.DataReader: return value 0.388255, ekin 8053.589377, e_min 151.989026, e_max 4194164.402323
(73272@bld05[0]) 2024-04-27 11:37:06,004 [DEBUG] model.conditional_wgangp: Generating 10000 events
Error in <TH1F::Chi2TestX>: one histogram is empty
(73272@bld05[0]) 2024-04-27 11:37:06,105 [INFO] common.DataReader: return value 0.456875, ekin 16244.994721, e_min 151.989026, e_max 4194164.402323
(73272@bld05[0]) 2024-04-27 11:37:06,106 [DEBUG] model.conditional_wgangp: Generating 10000 events
Error in <TH1F::Chi2TestX>: one histogram is empty
(73272@bld05[0]) 2024-04-27 11:37:06,206 [INFO] common.DataReader: return value 0.525079, ekin 32628.697364, e_min 151.989026, e_max 4194164.402323
(73272@bld05[0]) 2024-04-27 11:37:06,207 [DEBUG] model.conditional_wgangp: Generating 10000 events
Error in <TH1F::Chi2TestX>: one histogram is empty
(73272@bld05[0]) 2024-04-27 11:37:06,307 [INFO] common.DataReader: return value 0.593074, ekin 65396.548683, e_min 151.989026, e_max 4194164.402323
(73272@bld05[0]) 2024-04-27 11:37:06,308 [DEBUG] model.conditional_wgangp: Generating 10000 events
Error in <TH1F::Chi2TestX>: one histogram is empty
(73272@bld05[0]) 2024-04-27 11:37:06,395 [INFO] common.DataReader: return value 0.660965, ekin 130932.474341, e_min 151.989026, e_max 4194164.402323
(73272@bld05[0]) 2024-04-27 11:37:06,397 [DEBUG] model.conditional_wgangp: Generating 10000 events
Error in <TH1F::Chi2TestX>: one histogram is empty
(73272@bld05[0]) 2024-04-27 11:37:06,483 [INFO] common.DataReader: return value 0.728804, ekin 262004.437171, e_min 151.989026, e_max 4194164.402323
(73272@bld05[0]) 2024-04-27 11:37:06,485 [DEBUG] model.conditional_wgangp: Generating 10000 events
Error in <TH1F::Chi2TestX>: one histogram is empty
(73272@bld05[0]) 2024-04-27 11:37:06,585 [INFO] common.DataReader: return value 0.796617, ekin 524148.418585, e_min 151.989026, e_max 4194164.402323
(73272@bld05[0]) 2024-04-27 11:37:06,586 [DEBUG] model.conditional_wgangp: Generating 10000 events
Error in <TH1F::Chi2TestX>: one histogram is empty
(73272@bld05[0]) 2024-04-27 11:37:06,675 [INFO] common.DataReader: return value 0.864417, ekin 1048436.409293, e_min 151.989026, e_max 4194164.402323
(73272@bld05[0]) 2024-04-27 11:37:06,676 [DEBUG] model.conditional_wgangp: Generating 10000 events
Error in <TH1F::Chi2TestX>: one histogram is empty
(73272@bld05[0]) 2024-04-27 11:37:06,763 [INFO] common.DataReader: return value 0.932210, ekin 2097012.404646, e_min 151.989026, e_max 4194164.402323
(73272@bld05[0]) 2024-04-27 11:37:06,764 [DEBUG] model.conditional_wgangp: Generating 10000 events
Error in <TH1F::Chi2TestX>: one histogram is empty
(73272@bld05[0]) 2024-04-27 11:37:06,853 [INFO] common.DataReader: return value 1.000000, ekin 4194164.402323, e_min 151.989026, e_max 4194164.402323
(73272@bld05[0]) 2024-04-27 11:37:06,854 [DEBUG] model.conditional_wgangp: Generating 10000 events
Error in <TH1F::Chi2TestX>: one histogram is empty
(73272@bld05[0]) 2024-04-27 11:37:06,953 [INFO] model.conditional_wgangp: Chi2 of 0.0 calculated in 1.438704013824463s
(73272@bld05[0]) 2024-04-27 11:37:06,965 [DEBUG] model.conditional_wgangp: Saving model to /scratch/nucleare/simone.elia/outputs/run5L_256_64_16_8_4/caloChallenge//Baseline_pions_lwtnn/All/checkpoints/pions/checkpoints_eta_20_25
(73272@bld05[0]) 2024-04-27 11:37:06,986 [INFO] absl: Sharding callback duration: 44
(73272@bld05[0]) 2024-04-27 11:37:07,530 [INFO] model.conditional_wgangp: Iter: 8000; D loss: nan; G_loss: nan; TotalTime: 70.49; DataPrep: 0.0, Convert1: 1.719, TrainLoop: 66.73; Mem: 20571684
(73272@bld05[0]) 2024-04-27 11:38:16,563 [INFO] common.DataReader: return value 0.000000, ekin 151.989026, e_min 151.989026, e_max 4194164.402323
(73272@bld05[0]) 2024-04-27 11:38:16,564 [DEBUG] model.conditional_wgangp: Generating 10000 events
Error in <TH1F::Chi2TestX>: one histogram is empty
(73272@bld05[0]) 2024-04-27 11:38:16,666 [INFO] common.DataReader: return value 0.092430, ekin 391.090267, e_min 151.989026, e_max 4194164.402323
(73272@bld05[0]) 2024-04-27 11:38:16,667 [DEBUG] model.conditional_wgangp: Generating 10000 events
Error in <TH1F::Chi2TestX>: one histogram is empty
(73272@bld05[0]) 2024-04-27 11:38:16,769 [INFO] common.DataReader: return value 0.173270, ekin 893.871896, e_min 151.989026, e_max 4194164.402323
(73272@bld05[0]) 2024-04-27 11:38:16,770 [DEBUG] model.conditional_wgangp: Generating 10000 events
Error in <TH1F::Chi2TestX>: one histogram is empty
(73272@bld05[0]) 2024-04-27 11:38:16,857 [INFO] common.DataReader: return value 0.247687, ekin 1913.152338, e_min 151.989026, e_max 4194164.402323
(73272@bld05[0]) 2024-04-27 11:38:16,859 [DEBUG] model.conditional_wgangp: Generating 10000 events
Error in <TH1F::Chi2TestX>: one histogram is empty
(73272@bld05[0]) 2024-04-27 11:38:16,945 [INFO] common.DataReader: return value 0.318803, ekin 3958.778235, e_min 151.989026, e_max 4194164.402323
(73272@bld05[0]) 2024-04-27 11:38:16,946 [DEBUG] model.conditional_wgangp: Generating 10000 events
Error in <TH1F::Chi2TestX>: one histogram is empty
(73272@bld05[0]) 2024-04-27 11:38:17,038 [INFO] common.DataReader: return value 0.388255, ekin 8053.589377, e_min 151.989026, e_max 4194164.402323
(73272@bld05[0]) 2024-04-27 11:38:17,039 [DEBUG] model.conditional_wgangp: Generating 10000 events
Error in <TH1F::Chi2TestX>: one histogram is empty
(73272@bld05[0]) 2024-04-27 11:38:17,127 [INFO] common.DataReader: return value 0.456875, ekin 16244.994721, e_min 151.989026, e_max 4194164.402323
(73272@bld05[0]) 2024-04-27 11:38:17,128 [DEBUG] model.conditional_wgangp: Generating 10000 events
Error in <TH1F::Chi2TestX>: one histogram is empty
(73272@bld05[0]) 2024-04-27 11:38:17,218 [INFO] common.DataReader: return value 0.525079, ekin 32628.697364, e_min 151.989026, e_max 4194164.402323
(73272@bld05[0]) 2024-04-27 11:38:17,219 [DEBUG] model.conditional_wgangp: Generating 10000 events
Error in <TH1F::Chi2TestX>: one histogram is empty
(73272@bld05[0]) 2024-04-27 11:38:17,308 [INFO] common.DataReader: return value 0.593074, ekin 65396.548683, e_min 151.989026, e_max 4194164.402323
(73272@bld05[0]) 2024-04-27 11:38:17,309 [DEBUG] model.conditional_wgangp: Generating 10000 events
Error in <TH1F::Chi2TestX>: one histogram is empty
(73272@bld05[0]) 2024-04-27 11:38:17,398 [INFO] common.DataReader: return value 0.660965, ekin 130932.474341, e_min 151.989026, e_max 4194164.402323
(73272@bld05[0]) 2024-04-27 11:38:17,400 [DEBUG] model.conditional_wgangp: Generating 10000 events
Error in <TH1F::Chi2TestX>: one histogram is empty
(73272@bld05[0]) 2024-04-27 11:38:17,486 [INFO] common.DataReader: return value 0.728804, ekin 262004.437171, e_min 151.989026, e_max 4194164.402323
(73272@bld05[0]) 2024-04-27 11:38:17,488 [DEBUG] model.conditional_wgangp: Generating 10000 events
Error in <TH1F::Chi2TestX>: one histogram is empty
(73272@bld05[0]) 2024-04-27 11:38:17,581 [INFO] common.DataReader: return value 0.796617, ekin 524148.418585, e_min 151.989026, e_max 4194164.402323
(73272@bld05[0]) 2024-04-27 11:38:17,582 [DEBUG] model.conditional_wgangp: Generating 10000 events
Error in <TH1F::Chi2TestX>: one histogram is empty
(73272@bld05[0]) 2024-04-27 11:38:17,670 [INFO] common.DataReader: return value 0.864417, ekin 1048436.409293, e_min 151.989026, e_max 4194164.402323
(73272@bld05[0]) 2024-04-27 11:38:17,671 [DEBUG] model.conditional_wgangp: Generating 10000 events
Error in <TH1F::Chi2TestX>: one histogram is empty
(73272@bld05[0]) 2024-04-27 11:38:17,763 [INFO] common.DataReader: return value 0.932210, ekin 2097012.404646, e_min 151.989026, e_max 4194164.402323
(73272@bld05[0]) 2024-04-27 11:38:17,764 [DEBUG] model.conditional_wgangp: Generating 10000 events
Error in <TH1F::Chi2TestX>: one histogram is empty
(73272@bld05[0]) 2024-04-27 11:38:17,856 [INFO] common.DataReader: return value 1.000000, ekin 4194164.402323, e_min 151.989026, e_max 4194164.402323
(73272@bld05[0]) 2024-04-27 11:38:17,857 [DEBUG] model.conditional_wgangp: Generating 10000 events
Error in <TH1F::Chi2TestX>: one histogram is empty
(73272@bld05[0]) 2024-04-27 11:38:17,947 [INFO] model.conditional_wgangp: Chi2 of 0.0 calculated in 1.3841595649719238s
(73272@bld05[0]) 2024-04-27 11:38:17,958 [DEBUG] model.conditional_wgangp: Saving model to /scratch/nucleare/simone.elia/outputs/run5L_256_64_16_8_4/caloChallenge//Baseline_pions_lwtnn/All/checkpoints/pions/checkpoints_eta_20_25
(73272@bld05[0]) 2024-04-27 11:38:17,979 [INFO] absl: Sharding callback duration: 49
(73272@bld05[0]) 2024-04-27 11:38:18,597 [INFO] model.conditional_wgangp: Iter: 9000; D loss: nan; G_loss: nan; TotalTime: 71.07; DataPrep: 0.0, Convert1: 1.702, TrainLoop: 67.3; Mem: 20571684
(73272@bld05[0]) 2024-04-27 11:39:26,726 [INFO] common.DataReader: return value 0.000000, ekin 151.989026, e_min 151.989026, e_max 4194164.402323
(73272@bld05[0]) 2024-04-27 11:39:26,727 [DEBUG] model.conditional_wgangp: Generating 10000 events
Error in <TH1F::Chi2TestX>: one histogram is empty
(73272@bld05[0]) 2024-04-27 11:39:26,842 [INFO] common.DataReader: return value 0.092430, ekin 391.090267, e_min 151.989026, e_max 4194164.402323
(73272@bld05[0]) 2024-04-27 11:39:26,844 [DEBUG] model.conditional_wgangp: Generating 10000 events
Error in <TH1F::Chi2TestX>: one histogram is empty
(73272@bld05[0]) 2024-04-27 11:39:26,949 [INFO] common.DataReader: return value 0.173270, ekin 893.871896, e_min 151.989026, e_max 4194164.402323
(73272@bld05[0]) 2024-04-27 11:39:26,950 [DEBUG] model.conditional_wgangp: Generating 10000 events
Error in <TH1F::Chi2TestX>: one histogram is empty
(73272@bld05[0]) 2024-04-27 11:39:27,043 [INFO] common.DataReader: return value 0.247687, ekin 1913.152338, e_min 151.989026, e_max 4194164.402323
(73272@bld05[0]) 2024-04-27 11:39:27,044 [DEBUG] model.conditional_wgangp: Generating 10000 events
Error in <TH1F::Chi2TestX>: one histogram is empty
(73272@bld05[0]) 2024-04-27 11:39:27,131 [INFO] common.DataReader: return value 0.318803, ekin 3958.778235, e_min 151.989026, e_max 4194164.402323
(73272@bld05[0]) 2024-04-27 11:39:27,132 [DEBUG] model.conditional_wgangp: Generating 10000 events
Error in <TH1F::Chi2TestX>: one histogram is empty
(73272@bld05[0]) 2024-04-27 11:39:27,231 [INFO] common.DataReader: return value 0.388255, ekin 8053.589377, e_min 151.989026, e_max 4194164.402323
(73272@bld05[0]) 2024-04-27 11:39:27,232 [DEBUG] model.conditional_wgangp: Generating 10000 events
Error in <TH1F::Chi2TestX>: one histogram is empty
(73272@bld05[0]) 2024-04-27 11:39:27,320 [INFO] common.DataReader: return value 0.456875, ekin 16244.994721, e_min 151.989026, e_max 4194164.402323
(73272@bld05[0]) 2024-04-27 11:39:27,321 [DEBUG] model.conditional_wgangp: Generating 10000 events
Error in <TH1F::Chi2TestX>: one histogram is empty
(73272@bld05[0]) 2024-04-27 11:39:27,423 [INFO] common.DataReader: return value 0.525079, ekin 32628.697364, e_min 151.989026, e_max 4194164.402323
(73272@bld05[0]) 2024-04-27 11:39:27,424 [DEBUG] model.conditional_wgangp: Generating 10000 events
Error in <TH1F::Chi2TestX>: one histogram is empty
(73272@bld05[0]) 2024-04-27 11:39:27,525 [INFO] common.DataReader: return value 0.593074, ekin 65396.548683, e_min 151.989026, e_max 4194164.402323
(73272@bld05[0]) 2024-04-27 11:39:27,526 [DEBUG] model.conditional_wgangp: Generating 10000 events
Error in <TH1F::Chi2TestX>: one histogram is empty
(73272@bld05[0]) 2024-04-27 11:39:27,627 [INFO] common.DataReader: return value 0.660965, ekin 130932.474341, e_min 151.989026, e_max 4194164.402323
(73272@bld05[0]) 2024-04-27 11:39:27,628 [DEBUG] model.conditional_wgangp: Generating 10000 events
Error in <TH1F::Chi2TestX>: one histogram is empty
(73272@bld05[0]) 2024-04-27 11:39:27,718 [INFO] common.DataReader: return value 0.728804, ekin 262004.437171, e_min 151.989026, e_max 4194164.402323
(73272@bld05[0]) 2024-04-27 11:39:27,719 [DEBUG] model.conditional_wgangp: Generating 10000 events
Error in <TH1F::Chi2TestX>: one histogram is empty
(73272@bld05[0]) 2024-04-27 11:39:27,806 [INFO] common.DataReader: return value 0.796617, ekin 524148.418585, e_min 151.989026, e_max 4194164.402323
(73272@bld05[0]) 2024-04-27 11:39:27,807 [DEBUG] model.conditional_wgangp: Generating 10000 events
Error in <TH1F::Chi2TestX>: one histogram is empty
(73272@bld05[0]) 2024-04-27 11:39:27,907 [INFO] common.DataReader: return value 0.864417, ekin 1048436.409293, e_min 151.989026, e_max 4194164.402323
(73272@bld05[0]) 2024-04-27 11:39:27,908 [DEBUG] model.conditional_wgangp: Generating 10000 events
Error in <TH1F::Chi2TestX>: one histogram is empty
(73272@bld05[0]) 2024-04-27 11:39:28,008 [INFO] common.DataReader: return value 0.932210, ekin 2097012.404646, e_min 151.989026, e_max 4194164.402323
(73272@bld05[0]) 2024-04-27 11:39:28,009 [DEBUG] model.conditional_wgangp: Generating 10000 events
Error in <TH1F::Chi2TestX>: one histogram is empty
(73272@bld05[0]) 2024-04-27 11:39:28,099 [INFO] common.DataReader: return value 1.000000, ekin 4194164.402323, e_min 151.989026, e_max 4194164.402323
(73272@bld05[0]) 2024-04-27 11:39:28,100 [DEBUG] model.conditional_wgangp: Generating 10000 events
Error in <TH1F::Chi2TestX>: one histogram is empty
(73272@bld05[0]) 2024-04-27 11:39:28,187 [INFO] model.conditional_wgangp: Chi2 of 0.0 calculated in 1.4614558219909668s
(73272@bld05[0]) 2024-04-27 11:39:28,199 [DEBUG] model.conditional_wgangp: Saving model to /scratch/nucleare/simone.elia/outputs/run5L_256_64_16_8_4/caloChallenge//Baseline_pions_lwtnn/All/checkpoints/pions/checkpoints_eta_20_25
(73272@bld05[0]) 2024-04-27 11:39:28,220 [INFO] absl: Sharding callback duration: 45
(73272@bld05[0]) 2024-04-27 11:39:28,789 [INFO] model.conditional_wgangp: Iter: 10000; D loss: nan; G_loss: nan; TotalTime: 70.19; DataPrep: 0.0, Convert1: 1.709, TrainLoop: 66.39; Mem: 20571684
srun: Job step aborted: Waiting up to 122 seconds for job step to finish.
slurmstepd: error: *** JOB 73272 ON bld05 CANCELLED AT 2024-04-27T11:39:50 ***
slurmstepd: error: *** STEP 73272.0 ON bld05 CANCELLED AT 2024-04-27T11:39:50 ***
